{"/app/core/PlanExecutor.js": {"path":"/app/core/PlanExecutor.js","statementMap":{"0":{"start":{"line":2,"column":23},"end":{"line":2,"column":38}},"1":{"start":{"line":3,"column":24},"end":{"line":3,"column":59}},"2":{"start":{"line":7,"column":8},"end":{"line":7,"column":41}},"3":{"start":{"line":8,"column":8},"end":{"line":8,"column":41}},"4":{"start":{"line":9,"column":8},"end":{"line":9,"column":37}},"5":{"start":{"line":10,"column":8},"end":{"line":10,"column":27}},"6":{"start":{"line":15,"column":8},"end":{"line":21,"column":10}},"7":{"start":{"line":25,"column":32},"end":{"line":25,"column":36}},"8":{"start":{"line":28,"column":8},"end":{"line":37,"column":9}},"9":{"start":{"line":29,"column":12},"end":{"line":29,"column":41}},"10":{"start":{"line":31,"column":12},"end":{"line":36,"column":13}},"11":{"start":{"line":32,"column":16},"end":{"line":32,"column":61}},"12":{"start":{"line":34,"column":16},"end":{"line":34,"column":162}},"13":{"start":{"line":35,"column":16},"end":{"line":35,"column":39}},"14":{"start":{"line":39,"column":8},"end":{"line":62,"column":9}},"15":{"start":{"line":41,"column":12},"end":{"line":41,"column":187}},"16":{"start":{"line":42,"column":40},"end":{"line":47,"column":297}},"17":{"start":{"line":48,"column":12},"end":{"line":61,"column":13}},"18":{"start":{"line":49,"column":32},"end":{"line":49,"column":74}},"19":{"start":{"line":50,"column":16},"end":{"line":56,"column":17}},"20":{"start":{"line":51,"column":20},"end":{"line":51,"column":148}},"21":{"start":{"line":52,"column":20},"end":{"line":52,"column":35}},"22":{"start":{"line":54,"column":20},"end":{"line":54,"column":212}},"23":{"start":{"line":55,"column":20},"end":{"line":55,"column":175}},"24":{"start":{"line":58,"column":16},"end":{"line":58,"column":165}},"25":{"start":{"line":60,"column":16},"end":{"line":60,"column":176}},"26":{"start":{"line":63,"column":8},"end":{"line":63,"column":31}},"27":{"start":{"line":67,"column":8},"end":{"line":67,"column":147}},"28":{"start":{"line":68,"column":36},"end":{"line":68,"column":40}},"29":{"start":{"line":69,"column":8},"end":{"line":79,"column":9}},"30":{"start":{"line":69,"column":21},"end":{"line":69,"column":48}},"31":{"start":{"line":70,"column":37},"end":{"line":70,"column":117}},"32":{"start":{"line":71,"column":12},"end":{"line":78,"column":13}},"33":{"start":{"line":72,"column":16},"end":{"line":76,"column":17}},"34":{"start":{"line":73,"column":20},"end":{"line":73,"column":61}},"35":{"start":{"line":74,"column":23},"end":{"line":76,"column":17}},"36":{"start":{"line":75,"column":20},"end":{"line":75,"column":68}},"37":{"start":{"line":77,"column":16},"end":{"line":77,"column":22}},"38":{"start":{"line":81,"column":8},"end":{"line":93,"column":9}},"39":{"start":{"line":82,"column":12},"end":{"line":82,"column":142}},"40":{"start":{"line":83,"column":12},"end":{"line":92,"column":14}},"41":{"start":{"line":95,"column":31},"end":{"line":95,"column":84}},"42":{"start":{"line":96,"column":28},"end":{"line":98,"column":75}},"43":{"start":{"line":97,"column":25},"end":{"line":97,"column":42}},"44":{"start":{"line":98,"column":28},"end":{"line":98,"column":74}},"45":{"start":{"line":100,"column":8},"end":{"line":102,"column":9}},"46":{"start":{"line":101,"column":12},"end":{"line":101,"column":329}},"47":{"start":{"line":104,"column":32},"end":{"line":104,"column":34}},"48":{"start":{"line":105,"column":30},"end":{"line":105,"column":81}},"49":{"start":{"line":107,"column":8},"end":{"line":119,"column":9}},"50":{"start":{"line":108,"column":12},"end":{"line":118,"column":13}},"51":{"start":{"line":109,"column":16},"end":{"line":109,"column":124}},"52":{"start":{"line":110,"column":35},"end":{"line":110,"column":71}},"53":{"start":{"line":111,"column":16},"end":{"line":115,"column":17}},"54":{"start":{"line":112,"column":20},"end":{"line":112,"column":92}},"55":{"start":{"line":113,"column":23},"end":{"line":115,"column":17}},"56":{"start":{"line":114,"column":20},"end":{"line":114,"column":93}},"57":{"start":{"line":117,"column":16},"end":{"line":117,"column":91}},"58":{"start":{"line":120,"column":8},"end":{"line":129,"column":10}},"59":{"start":{"line":133,"column":8},"end":{"line":133,"column":145}},"60":{"start":{"line":134,"column":26},"end":{"line":134,"column":72}},"61":{"start":{"line":135,"column":31},"end":{"line":135,"column":80}},"62":{"start":{"line":136,"column":29},"end":{"line":136,"column":82}},"63":{"start":{"line":138,"column":8},"end":{"line":168,"column":9}},"64":{"start":{"line":139,"column":12},"end":{"line":139,"column":41}},"65":{"start":{"line":140,"column":12},"end":{"line":152,"column":13}},"66":{"start":{"line":141,"column":36},"end":{"line":141,"column":73}},"67":{"start":{"line":142,"column":36},"end":{"line":142,"column":53}},"68":{"start":{"line":143,"column":16},"end":{"line":150,"column":17}},"69":{"start":{"line":144,"column":20},"end":{"line":149,"column":21}},"70":{"start":{"line":145,"column":47},"end":{"line":145,"column":185}},"71":{"start":{"line":146,"column":24},"end":{"line":146,"column":125}},"72":{"start":{"line":148,"column":24},"end":{"line":148,"column":71}},"73":{"start":{"line":151,"column":16},"end":{"line":151,"column":78}},"74":{"start":{"line":153,"column":12},"end":{"line":160,"column":13}},"75":{"start":{"line":154,"column":17},"end":{"line":159,"column":17}},"76":{"start":{"line":155,"column":43},"end":{"line":155,"column":181}},"77":{"start":{"line":156,"column":20},"end":{"line":156,"column":193}},"78":{"start":{"line":158,"column":20},"end":{"line":158,"column":139}},"79":{"start":{"line":161,"column":15},"end":{"line":168,"column":9}},"80":{"start":{"line":162,"column":13},"end":{"line":167,"column":13}},"81":{"start":{"line":163,"column":39},"end":{"line":163,"column":177}},"82":{"start":{"line":164,"column":16},"end":{"line":164,"column":115}},"83":{"start":{"line":166,"column":16},"end":{"line":166,"column":78}},"84":{"start":{"line":170,"column":8},"end":{"line":172,"column":9}},"85":{"start":{"line":171,"column":12},"end":{"line":171,"column":307}},"86":{"start":{"line":174,"column":8},"end":{"line":179,"column":9}},"87":{"start":{"line":175,"column":31},"end":{"line":175,"column":65}},"88":{"start":{"line":176,"column":12},"end":{"line":176,"column":285}},"89":{"start":{"line":178,"column":12},"end":{"line":178,"column":275}},"90":{"start":{"line":183,"column":31},"end":{"line":183,"column":33}},"91":{"start":{"line":184,"column":33},"end":{"line":184,"column":35}},"92":{"start":{"line":185,"column":37},"end":{"line":185,"column":39}},"93":{"start":{"line":186,"column":32},"end":{"line":186,"column":34}},"94":{"start":{"line":187,"column":29},"end":{"line":187,"column":33}},"95":{"start":{"line":189,"column":8},"end":{"line":193,"column":11}},"96":{"start":{"line":195,"column":8},"end":{"line":375,"column":9}},"97":{"start":{"line":195,"column":21},"end":{"line":195,"column":22}},"98":{"start":{"line":196,"column":48},"end":{"line":196,"column":61}},"99":{"start":{"line":197,"column":31},"end":{"line":197,"column":36}},"100":{"start":{"line":198,"column":12},"end":{"line":202,"column":15}},"101":{"start":{"line":203,"column":12},"end":{"line":203,"column":147}},"102":{"start":{"line":205,"column":41},"end":{"line":205,"column":43}},"103":{"start":{"line":207,"column":12},"end":{"line":259,"column":13}},"104":{"start":{"line":208,"column":38},"end":{"line":208,"column":70}},"105":{"start":{"line":209,"column":43},"end":{"line":209,"column":82}},"106":{"start":{"line":211,"column":16},"end":{"line":258,"column":17}},"107":{"start":{"line":212,"column":62},"end":{"line":212,"column":70}},"108":{"start":{"line":213,"column":20},"end":{"line":217,"column":23}},"109":{"start":{"line":218,"column":20},"end":{"line":222,"column":21}},"110":{"start":{"line":219,"column":24},"end":{"line":219,"column":170}},"111":{"start":{"line":220,"column":27},"end":{"line":222,"column":21}},"112":{"start":{"line":221,"column":24},"end":{"line":221,"column":168}},"113":{"start":{"line":224,"column":40},"end":{"line":224,"column":48}},"114":{"start":{"line":225,"column":40},"end":{"line":225,"column":266}},"115":{"start":{"line":227,"column":20},"end":{"line":231,"column":23}},"116":{"start":{"line":232,"column":20},"end":{"line":232,"column":63}},"117":{"start":{"line":233,"column":20},"end":{"line":233,"column":179}},"118":{"start":{"line":235,"column":43},"end":{"line":256,"column":22}},"119":{"start":{"line":236,"column":24},"end":{"line":255,"column":40}},"120":{"start":{"line":237,"column":50},"end":{"line":237,"column":132}},"121":{"start":{"line":238,"column":28},"end":{"line":254,"column":29}},"122":{"start":{"line":239,"column":32},"end":{"line":239,"column":203}},"123":{"start":{"line":240,"column":32},"end":{"line":240,"column":167}},"124":{"start":{"line":241,"column":32},"end":{"line":241,"column":281}},"125":{"start":{"line":242,"column":35},"end":{"line":254,"column":29}},"126":{"start":{"line":243,"column":58},"end":{"line":243,"column":180}},"127":{"start":{"line":244,"column":32},"end":{"line":244,"column":336}},"128":{"start":{"line":245,"column":32},"end":{"line":253,"column":33}},"129":{"start":{"line":246,"column":36},"end":{"line":246,"column":163}},"130":{"start":{"line":247,"column":36},"end":{"line":247,"column":326}},"131":{"start":{"line":249,"column":57},"end":{"line":249,"column":147}},"132":{"start":{"line":250,"column":36},"end":{"line":250,"column":223}},"133":{"start":{"line":251,"column":36},"end":{"line":251,"column":141}},"134":{"start":{"line":252,"column":36},"end":{"line":252,"column":341}},"135":{"start":{"line":257,"column":20},"end":{"line":257,"column":62}},"136":{"start":{"line":261,"column":33},"end":{"line":261,"column":72}},"137":{"start":{"line":262,"column":40},"end":{"line":262,"column":42}},"138":{"start":{"line":263,"column":46},"end":{"line":263,"column":50}},"139":{"start":{"line":265,"column":12},"end":{"line":352,"column":13}},"140":{"start":{"line":265,"column":25},"end":{"line":265,"column":26}},"141":{"start":{"line":266,"column":40},"end":{"line":266,"column":55}},"142":{"start":{"line":267,"column":43},"end":{"line":267,"column":73}},"143":{"start":{"line":269,"column":43},"end":{"line":269,"column":70}},"144":{"start":{"line":271,"column":36},"end":{"line":271,"column":63}},"145":{"start":{"line":272,"column":48},"end":{"line":272,"column":154}},"146":{"start":{"line":274,"column":16},"end":{"line":290,"column":17}},"147":{"start":{"line":276,"column":20},"end":{"line":276,"column":193}},"148":{"start":{"line":277,"column":51},"end":{"line":277,"column":78}},"149":{"start":{"line":278,"column":20},"end":{"line":289,"column":21}},"150":{"start":{"line":280,"column":40},"end":{"line":280,"column":180}},"151":{"start":{"line":281,"column":24},"end":{"line":283,"column":25}},"152":{"start":{"line":282,"column":29},"end":{"line":282,"column":287}},"153":{"start":{"line":284,"column":24},"end":{"line":284,"column":48}},"154":{"start":{"line":286,"column":24},"end":{"line":286,"column":251}},"155":{"start":{"line":287,"column":25},"end":{"line":287,"column":160}},"156":{"start":{"line":288,"column":24},"end":{"line":288,"column":63}},"157":{"start":{"line":292,"column":37},"end":{"line":302,"column":17}},"158":{"start":{"line":303,"column":16},"end":{"line":303,"column":55}},"159":{"start":{"line":305,"column":35},"end":{"line":305,"column":223}},"160":{"start":{"line":306,"column":42},"end":{"line":306,"column":158}},"161":{"start":{"line":308,"column":16},"end":{"line":351,"column":17}},"162":{"start":{"line":309,"column":20},"end":{"line":309,"column":244}},"163":{"start":{"line":312,"column":40},"end":{"line":312,"column":106}},"164":{"start":{"line":313,"column":20},"end":{"line":332,"column":21}},"165":{"start":{"line":314,"column":42},"end":{"line":314,"column":53}},"166":{"start":{"line":315,"column":56},"end":{"line":315,"column":59}},"167":{"start":{"line":316,"column":24},"end":{"line":323,"column":25}},"168":{"start":{"line":317,"column":28},"end":{"line":317,"column":100}},"169":{"start":{"line":318,"column":31},"end":{"line":323,"column":25}},"170":{"start":{"line":324,"column":43},"end":{"line":330,"column":25}},"171":{"start":{"line":331,"column":24},"end":{"line":331,"column":62}},"172":{"start":{"line":334,"column":23},"end":{"line":351,"column":17}},"173":{"start":{"line":335,"column":20},"end":{"line":335,"column":199}},"174":{"start":{"line":336,"column":20},"end":{"line":339,"column":21}},"175":{"start":{"line":337,"column":24},"end":{"line":337,"column":129}},"176":{"start":{"line":338,"column":24},"end":{"line":338,"column":165}},"177":{"start":{"line":338,"column":98},"end":{"line":338,"column":165}},"178":{"start":{"line":341,"column":20},"end":{"line":350,"column":21}},"179":{"start":{"line":342,"column":49},"end":{"line":348,"column":25}},"180":{"start":{"line":349,"column":24},"end":{"line":349,"column":63}},"181":{"start":{"line":353,"column":12},"end":{"line":353,"column":58}},"182":{"start":{"line":355,"column":30},"end":{"line":355,"column":35}},"183":{"start":{"line":356,"column":12},"end":{"line":363,"column":13}},"184":{"start":{"line":357,"column":16},"end":{"line":362,"column":17}},"185":{"start":{"line":358,"column":20},"end":{"line":358,"column":164}},"186":{"start":{"line":359,"column":20},"end":{"line":359,"column":43}},"187":{"start":{"line":360,"column":20},"end":{"line":360,"column":39}},"188":{"start":{"line":361,"column":20},"end":{"line":361,"column":26}},"189":{"start":{"line":365,"column":12},"end":{"line":373,"column":13}},"190":{"start":{"line":366,"column":31},"end":{"line":368,"column":60}},"191":{"start":{"line":369,"column":16},"end":{"line":369,"column":229}},"192":{"start":{"line":370,"column":16},"end":{"line":370,"column":22}},"193":{"start":{"line":372,"column":16},"end":{"line":372,"column":168}},"194":{"start":{"line":374,"column":12},"end":{"line":374,"column":85}},"195":{"start":{"line":377,"column":8},"end":{"line":381,"column":11}},"196":{"start":{"line":382,"column":8},"end":{"line":382,"column":138}},"197":{"start":{"line":383,"column":8},"end":{"line":391,"column":10}},"198":{"start":{"line":395,"column":0},"end":{"line":395,"column":30}}},"fnMap":{"0":{"name":"(anonymous_0)","decl":{"start":{"line":6,"column":4},"end":{"line":6,"column":5}},"loc":{"start":{"line":6,"column":68},"end":{"line":12,"column":5}},"line":6},"1":{"name":"(anonymous_1)","decl":{"start":{"line":14,"column":4},"end":{"line":14,"column":5}},"loc":{"start":{"line":14,"column":78},"end":{"line":22,"column":5}},"line":14},"2":{"name":"(anonymous_2)","decl":{"start":{"line":24,"column":4},"end":{"line":24,"column":5}},"loc":{"start":{"line":24,"column":102},"end":{"line":64,"column":5}},"line":24},"3":{"name":"(anonymous_3)","decl":{"start":{"line":66,"column":4},"end":{"line":66,"column":5}},"loc":{"start":{"line":66,"column":102},"end":{"line":130,"column":5}},"line":66},"4":{"name":"(anonymous_4)","decl":{"start":{"line":97,"column":17},"end":{"line":97,"column":18}},"loc":{"start":{"line":97,"column":25},"end":{"line":97,"column":42}},"line":97},"5":{"name":"(anonymous_5)","decl":{"start":{"line":98,"column":20},"end":{"line":98,"column":21}},"loc":{"start":{"line":98,"column":28},"end":{"line":98,"column":74}},"line":98},"6":{"name":"(anonymous_6)","decl":{"start":{"line":132,"column":4},"end":{"line":132,"column":5}},"loc":{"start":{"line":132,"column":100},"end":{"line":180,"column":5}},"line":132},"7":{"name":"(anonymous_7)","decl":{"start":{"line":182,"column":4},"end":{"line":182,"column":5}},"loc":{"start":{"line":182,"column":64},"end":{"line":392,"column":5}},"line":182},"8":{"name":"(anonymous_8)","decl":{"start":{"line":235,"column":55},"end":{"line":235,"column":56}},"loc":{"start":{"line":235,"column":68},"end":{"line":256,"column":21}},"line":235},"9":{"name":"(anonymous_9)","decl":{"start":{"line":236,"column":70},"end":{"line":236,"column":71}},"loc":{"start":{"line":236,"column":92},"end":{"line":255,"column":25}},"line":236}},"branchMap":{"0":{"loc":{"start":{"line":6,"column":56},"end":{"line":6,"column":66}},"type":"default-arg","locations":[{"start":{"line":6,"column":64},"end":{"line":6,"column":66}}],"line":6},"1":{"loc":{"start":{"line":14,"column":39},"end":{"line":14,"column":51}},"type":"default-arg","locations":[{"start":{"line":14,"column":49},"end":{"line":14,"column":51}}],"line":14},"2":{"loc":{"start":{"line":14,"column":53},"end":{"line":14,"column":76}},"type":"default-arg","locations":[{"start":{"line":14,"column":62},"end":{"line":14,"column":76}}],"line":14},"3":{"loc":{"start":{"line":28,"column":8},"end":{"line":37,"column":9}},"type":"if","locations":[{"start":{"line":28,"column":8},"end":{"line":37,"column":9}},{"start":{"line":30,"column":15},"end":{"line":37,"column":9}}],"line":28},"4":{"loc":{"start":{"line":39,"column":8},"end":{"line":62,"column":9}},"type":"if","locations":[{"start":{"line":39,"column":8},"end":{"line":62,"column":9}},{"start":{},"end":{}}],"line":39},"5":{"loc":{"start":{"line":50,"column":16},"end":{"line":56,"column":17}},"type":"if","locations":[{"start":{"line":50,"column":16},"end":{"line":56,"column":17}},{"start":{"line":53,"column":23},"end":{"line":56,"column":17}}],"line":50},"6":{"loc":{"start":{"line":50,"column":20},"end":{"line":50,"column":72}},"type":"binary-expr","locations":[{"start":{"line":50,"column":20},"end":{"line":50,"column":47}},{"start":{"line":50,"column":51},"end":{"line":50,"column":72}}],"line":50},"7":{"loc":{"start":{"line":55,"column":71},"end":{"line":55,"column":173}},"type":"cond-expr","locations":[{"start":{"line":55,"column":109},"end":{"line":55,"column":168}},{"start":{"line":55,"column":171},"end":{"line":55,"column":173}}],"line":55},"8":{"loc":{"start":{"line":60,"column":67},"end":{"line":60,"column":174}},"type":"cond-expr","locations":[{"start":{"line":60,"column":105},"end":{"line":60,"column":169}},{"start":{"line":60,"column":172},"end":{"line":60,"column":174}}],"line":60},"9":{"loc":{"start":{"line":70,"column":37},"end":{"line":70,"column":117}},"type":"binary-expr","locations":[{"start":{"line":70,"column":37},"end":{"line":70,"column":78}},{"start":{"line":70,"column":82},"end":{"line":70,"column":117}}],"line":70},"10":{"loc":{"start":{"line":71,"column":12},"end":{"line":78,"column":13}},"type":"if","locations":[{"start":{"line":71,"column":12},"end":{"line":78,"column":13}},{"start":{},"end":{}}],"line":71},"11":{"loc":{"start":{"line":71,"column":16},"end":{"line":71,"column":131}},"type":"binary-expr","locations":[{"start":{"line":71,"column":16},"end":{"line":71,"column":65}},{"start":{"line":71,"column":69},"end":{"line":71,"column":111}},{"start":{"line":71,"column":115},"end":{"line":71,"column":131}}],"line":71},"12":{"loc":{"start":{"line":72,"column":16},"end":{"line":76,"column":17}},"type":"if","locations":[{"start":{"line":72,"column":16},"end":{"line":76,"column":17}},{"start":{"line":74,"column":23},"end":{"line":76,"column":17}}],"line":72},"13":{"loc":{"start":{"line":74,"column":23},"end":{"line":76,"column":17}},"type":"if","locations":[{"start":{"line":74,"column":23},"end":{"line":76,"column":17}},{"start":{},"end":{}}],"line":74},"14":{"loc":{"start":{"line":74,"column":27},"end":{"line":74,"column":105}},"type":"binary-expr","locations":[{"start":{"line":74,"column":27},"end":{"line":74,"column":63}},{"start":{"line":74,"column":67},"end":{"line":74,"column":105}}],"line":74},"15":{"loc":{"start":{"line":81,"column":8},"end":{"line":93,"column":9}},"type":"if","locations":[{"start":{"line":81,"column":8},"end":{"line":93,"column":9}},{"start":{},"end":{}}],"line":81},"16":{"loc":{"start":{"line":81,"column":12},"end":{"line":81,"column":113}},"type":"binary-expr","locations":[{"start":{"line":81,"column":12},"end":{"line":81,"column":34}},{"start":{"line":81,"column":38},"end":{"line":81,"column":75}},{"start":{"line":81,"column":79},"end":{"line":81,"column":113}}],"line":81},"17":{"loc":{"start":{"line":95,"column":31},"end":{"line":95,"column":84}},"type":"binary-expr","locations":[{"start":{"line":95,"column":31},"end":{"line":95,"column":79}},{"start":{"line":95,"column":83},"end":{"line":95,"column":84}}],"line":95},"18":{"loc":{"start":{"line":97,"column":25},"end":{"line":97,"column":42}},"type":"binary-expr","locations":[{"start":{"line":97,"column":25},"end":{"line":97,"column":29}},{"start":{"line":97,"column":33},"end":{"line":97,"column":42}}],"line":97},"19":{"loc":{"start":{"line":98,"column":28},"end":{"line":98,"column":74}},"type":"binary-expr","locations":[{"start":{"line":98,"column":28},"end":{"line":98,"column":52}},{"start":{"line":98,"column":56},"end":{"line":98,"column":74}}],"line":98},"20":{"loc":{"start":{"line":100,"column":8},"end":{"line":102,"column":9}},"type":"if","locations":[{"start":{"line":100,"column":8},"end":{"line":102,"column":9}},{"start":{},"end":{}}],"line":100},"21":{"loc":{"start":{"line":105,"column":30},"end":{"line":105,"column":81}},"type":"binary-expr","locations":[{"start":{"line":105,"column":30},"end":{"line":105,"column":56}},{"start":{"line":105,"column":60},"end":{"line":105,"column":81}}],"line":105},"22":{"loc":{"start":{"line":111,"column":16},"end":{"line":115,"column":17}},"type":"if","locations":[{"start":{"line":111,"column":16},"end":{"line":115,"column":17}},{"start":{"line":113,"column":23},"end":{"line":115,"column":17}}],"line":111},"23":{"loc":{"start":{"line":113,"column":23},"end":{"line":115,"column":17}},"type":"if","locations":[{"start":{"line":113,"column":23},"end":{"line":115,"column":17}},{"start":{},"end":{}}],"line":113},"24":{"loc":{"start":{"line":127,"column":25},"end":{"line":127,"column":100}},"type":"binary-expr","locations":[{"start":{"line":127,"column":25},"end":{"line":127,"column":42}},{"start":{"line":127,"column":46},"end":{"line":127,"column":100}}],"line":127},"25":{"loc":{"start":{"line":134,"column":26},"end":{"line":134,"column":72}},"type":"binary-expr","locations":[{"start":{"line":134,"column":26},"end":{"line":134,"column":66}},{"start":{"line":134,"column":70},"end":{"line":134,"column":72}}],"line":134},"26":{"loc":{"start":{"line":136,"column":29},"end":{"line":136,"column":82}},"type":"binary-expr","locations":[{"start":{"line":136,"column":29},"end":{"line":136,"column":76}},{"start":{"line":136,"column":80},"end":{"line":136,"column":82}}],"line":136},"27":{"loc":{"start":{"line":138,"column":8},"end":{"line":168,"column":9}},"type":"if","locations":[{"start":{"line":138,"column":8},"end":{"line":168,"column":9}},{"start":{"line":161,"column":15},"end":{"line":168,"column":9}}],"line":138},"28":{"loc":{"start":{"line":143,"column":16},"end":{"line":150,"column":17}},"type":"if","locations":[{"start":{"line":143,"column":16},"end":{"line":150,"column":17}},{"start":{},"end":{}}],"line":143},"29":{"loc":{"start":{"line":144,"column":20},"end":{"line":149,"column":21}},"type":"if","locations":[{"start":{"line":144,"column":20},"end":{"line":149,"column":21}},{"start":{"line":147,"column":27},"end":{"line":149,"column":21}}],"line":144},"30":{"loc":{"start":{"line":145,"column":47},"end":{"line":145,"column":185}},"type":"binary-expr","locations":[{"start":{"line":145,"column":47},"end":{"line":145,"column":114}},{"start":{"line":145,"column":118},"end":{"line":145,"column":179}},{"start":{"line":145,"column":183},"end":{"line":145,"column":185}}],"line":145},"31":{"loc":{"start":{"line":146,"column":40},"end":{"line":146,"column":124}},"type":"cond-expr","locations":[{"start":{"line":146,"column":77},"end":{"line":146,"column":91}},{"start":{"line":146,"column":94},"end":{"line":146,"column":124}}],"line":146},"32":{"loc":{"start":{"line":153,"column":12},"end":{"line":160,"column":13}},"type":"if","locations":[{"start":{"line":153,"column":12},"end":{"line":160,"column":13}},{"start":{},"end":{}}],"line":153},"33":{"loc":{"start":{"line":154,"column":17},"end":{"line":159,"column":17}},"type":"if","locations":[{"start":{"line":154,"column":17},"end":{"line":159,"column":17}},{"start":{"line":157,"column":23},"end":{"line":159,"column":17}}],"line":154},"34":{"loc":{"start":{"line":155,"column":43},"end":{"line":155,"column":181}},"type":"binary-expr","locations":[{"start":{"line":155,"column":43},"end":{"line":155,"column":110}},{"start":{"line":155,"column":114},"end":{"line":155,"column":175}},{"start":{"line":155,"column":179},"end":{"line":155,"column":181}}],"line":155},"35":{"loc":{"start":{"line":156,"column":107},"end":{"line":156,"column":191}},"type":"cond-expr","locations":[{"start":{"line":156,"column":144},"end":{"line":156,"column":158}},{"start":{"line":156,"column":161},"end":{"line":156,"column":191}}],"line":156},"36":{"loc":{"start":{"line":161,"column":15},"end":{"line":168,"column":9}},"type":"if","locations":[{"start":{"line":161,"column":15},"end":{"line":168,"column":9}},{"start":{},"end":{}}],"line":161},"37":{"loc":{"start":{"line":161,"column":19},"end":{"line":161,"column":101}},"type":"binary-expr","locations":[{"start":{"line":161,"column":19},"end":{"line":161,"column":31}},{"start":{"line":161,"column":35},"end":{"line":161,"column":101}}],"line":161},"38":{"loc":{"start":{"line":162,"column":13},"end":{"line":167,"column":13}},"type":"if","locations":[{"start":{"line":162,"column":13},"end":{"line":167,"column":13}},{"start":{"line":165,"column":19},"end":{"line":167,"column":13}}],"line":162},"39":{"loc":{"start":{"line":163,"column":39},"end":{"line":163,"column":177}},"type":"binary-expr","locations":[{"start":{"line":163,"column":39},"end":{"line":163,"column":106}},{"start":{"line":163,"column":110},"end":{"line":163,"column":171}},{"start":{"line":163,"column":175},"end":{"line":163,"column":177}}],"line":163},"40":{"loc":{"start":{"line":164,"column":30},"end":{"line":164,"column":114}},"type":"cond-expr","locations":[{"start":{"line":164,"column":67},"end":{"line":164,"column":81}},{"start":{"line":164,"column":84},"end":{"line":164,"column":114}}],"line":164},"41":{"loc":{"start":{"line":170,"column":8},"end":{"line":172,"column":9}},"type":"if","locations":[{"start":{"line":170,"column":8},"end":{"line":172,"column":9}},{"start":{},"end":{}}],"line":170},"42":{"loc":{"start":{"line":211,"column":16},"end":{"line":258,"column":17}},"type":"if","locations":[{"start":{"line":211,"column":16},"end":{"line":258,"column":17}},{"start":{"line":223,"column":23},"end":{"line":258,"column":17}}],"line":211},"43":{"loc":{"start":{"line":218,"column":20},"end":{"line":222,"column":21}},"type":"if","locations":[{"start":{"line":218,"column":20},"end":{"line":222,"column":21}},{"start":{"line":220,"column":27},"end":{"line":222,"column":21}}],"line":218},"44":{"loc":{"start":{"line":220,"column":27},"end":{"line":222,"column":21}},"type":"if","locations":[{"start":{"line":220,"column":27},"end":{"line":222,"column":21}},{"start":{},"end":{}}],"line":220},"45":{"loc":{"start":{"line":238,"column":28},"end":{"line":254,"column":29}},"type":"if","locations":[{"start":{"line":238,"column":28},"end":{"line":254,"column":29}},{"start":{"line":242,"column":35},"end":{"line":254,"column":29}}],"line":238},"46":{"loc":{"start":{"line":242,"column":35},"end":{"line":254,"column":29}},"type":"if","locations":[{"start":{"line":242,"column":35},"end":{"line":254,"column":29}},{"start":{},"end":{}}],"line":242},"47":{"loc":{"start":{"line":243,"column":58},"end":{"line":243,"column":180}},"type":"cond-expr","locations":[{"start":{"line":243,"column":102},"end":{"line":243,"column":148}},{"start":{"line":243,"column":151},"end":{"line":243,"column":180}}],"line":243},"48":{"loc":{"start":{"line":245,"column":32},"end":{"line":253,"column":33}},"type":"if","locations":[{"start":{"line":245,"column":32},"end":{"line":253,"column":33}},{"start":{"line":248,"column":39},"end":{"line":253,"column":33}}],"line":245},"49":{"loc":{"start":{"line":274,"column":16},"end":{"line":290,"column":17}},"type":"if","locations":[{"start":{"line":274,"column":16},"end":{"line":290,"column":17}},{"start":{},"end":{}}],"line":274},"50":{"loc":{"start":{"line":274,"column":20},"end":{"line":275,"column":74}},"type":"binary-expr","locations":[{"start":{"line":274,"column":20},"end":{"line":274,"column":58}},{"start":{"line":274,"column":62},"end":{"line":274,"column":89}},{"start":{"line":275,"column":20},"end":{"line":275,"column":74}}],"line":274},"51":{"loc":{"start":{"line":281,"column":24},"end":{"line":283,"column":25}},"type":"if","locations":[{"start":{"line":281,"column":24},"end":{"line":283,"column":25}},{"start":{},"end":{}}],"line":281},"52":{"loc":{"start":{"line":293,"column":36},"end":{"line":293,"column":103}},"type":"binary-expr","locations":[{"start":{"line":293,"column":36},"end":{"line":293,"column":66}},{"start":{"line":293,"column":70},"end":{"line":293,"column":103}}],"line":293},"53":{"loc":{"start":{"line":294,"column":41},"end":{"line":294,"column":118}},"type":"binary-expr","locations":[{"start":{"line":294,"column":41},"end":{"line":294,"column":76}},{"start":{"line":294,"column":80},"end":{"line":294,"column":118}}],"line":294},"54":{"loc":{"start":{"line":295,"column":31},"end":{"line":295,"column":88}},"type":"binary-expr","locations":[{"start":{"line":295,"column":31},"end":{"line":295,"column":56}},{"start":{"line":295,"column":60},"end":{"line":295,"column":88}}],"line":295},"55":{"loc":{"start":{"line":296,"column":36},"end":{"line":296,"column":103}},"type":"binary-expr","locations":[{"start":{"line":296,"column":36},"end":{"line":296,"column":66}},{"start":{"line":296,"column":70},"end":{"line":296,"column":103}}],"line":296},"56":{"loc":{"start":{"line":306,"column":42},"end":{"line":306,"column":158}},"type":"cond-expr","locations":[{"start":{"line":306,"column":93},"end":{"line":306,"column":127}},{"start":{"line":306,"column":130},"end":{"line":306,"column":158}}],"line":306},"57":{"loc":{"start":{"line":308,"column":16},"end":{"line":351,"column":17}},"type":"if","locations":[{"start":{"line":308,"column":16},"end":{"line":351,"column":17}},{"start":{"line":334,"column":23},"end":{"line":351,"column":17}}],"line":308},"58":{"loc":{"start":{"line":312,"column":40},"end":{"line":312,"column":106}},"type":"binary-expr","locations":[{"start":{"line":312,"column":40},"end":{"line":312,"column":74}},{"start":{"line":312,"column":78},"end":{"line":312,"column":106}}],"line":312},"59":{"loc":{"start":{"line":313,"column":20},"end":{"line":332,"column":21}},"type":"if","locations":[{"start":{"line":313,"column":20},"end":{"line":332,"column":21}},{"start":{},"end":{}}],"line":313},"60":{"loc":{"start":{"line":313,"column":24},"end":{"line":313,"column":108}},"type":"binary-expr","locations":[{"start":{"line":313,"column":24},"end":{"line":313,"column":35}},{"start":{"line":313,"column":40},"end":{"line":313,"column":72}},{"start":{"line":313,"column":76},"end":{"line":313,"column":107}}],"line":313},"61":{"loc":{"start":{"line":316,"column":24},"end":{"line":323,"column":25}},"type":"if","locations":[{"start":{"line":316,"column":24},"end":{"line":323,"column":25}},{"start":{"line":318,"column":31},"end":{"line":323,"column":25}}],"line":316},"62":{"loc":{"start":{"line":316,"column":28},"end":{"line":316,"column":107}},"type":"binary-expr","locations":[{"start":{"line":316,"column":28},"end":{"line":316,"column":59}},{"start":{"line":316,"column":63},"end":{"line":316,"column":107}}],"line":316},"63":{"loc":{"start":{"line":318,"column":31},"end":{"line":323,"column":25}},"type":"if","locations":[{"start":{"line":318,"column":31},"end":{"line":323,"column":25}},{"start":{},"end":{}}],"line":318},"64":{"loc":{"start":{"line":334,"column":23},"end":{"line":351,"column":17}},"type":"if","locations":[{"start":{"line":334,"column":23},"end":{"line":351,"column":17}},{"start":{},"end":{}}],"line":334},"65":{"loc":{"start":{"line":336,"column":20},"end":{"line":339,"column":21}},"type":"if","locations":[{"start":{"line":336,"column":20},"end":{"line":339,"column":21}},{"start":{},"end":{}}],"line":336},"66":{"loc":{"start":{"line":337,"column":54},"end":{"line":337,"column":128}},"type":"binary-expr","locations":[{"start":{"line":337,"column":54},"end":{"line":337,"column":80}},{"start":{"line":337,"column":84},"end":{"line":337,"column":128}}],"line":337},"67":{"loc":{"start":{"line":338,"column":24},"end":{"line":338,"column":165}},"type":"if","locations":[{"start":{"line":338,"column":24},"end":{"line":338,"column":165}},{"start":{},"end":{}}],"line":338},"68":{"loc":{"start":{"line":338,"column":28},"end":{"line":338,"column":96}},"type":"binary-expr","locations":[{"start":{"line":338,"column":28},"end":{"line":338,"column":68}},{"start":{"line":338,"column":72},"end":{"line":338,"column":96}}],"line":338},"69":{"loc":{"start":{"line":341,"column":20},"end":{"line":350,"column":21}},"type":"if","locations":[{"start":{"line":341,"column":20},"end":{"line":350,"column":21}},{"start":{},"end":{}}],"line":341},"70":{"loc":{"start":{"line":346,"column":42},"end":{"line":346,"column":122}},"type":"binary-expr","locations":[{"start":{"line":346,"column":42},"end":{"line":346,"column":76}},{"start":{"line":346,"column":80},"end":{"line":346,"column":122}}],"line":346},"71":{"loc":{"start":{"line":357,"column":16},"end":{"line":362,"column":17}},"type":"if","locations":[{"start":{"line":357,"column":16},"end":{"line":362,"column":17}},{"start":{},"end":{}}],"line":357},"72":{"loc":{"start":{"line":365,"column":12},"end":{"line":373,"column":13}},"type":"if","locations":[{"start":{"line":365,"column":12},"end":{"line":373,"column":13}},{"start":{"line":371,"column":19},"end":{"line":373,"column":13}}],"line":365},"73":{"loc":{"start":{"line":366,"column":31},"end":{"line":368,"column":60}},"type":"cond-expr","locations":[{"start":{"line":367,"column":31},"end":{"line":367,"column":267}},{"start":{"line":368,"column":31},"end":{"line":368,"column":60}}],"line":366},"74":{"loc":{"start":{"line":367,"column":39},"end":{"line":367,"column":112}},"type":"binary-expr","locations":[{"start":{"line":367,"column":39},"end":{"line":367,"column":78}},{"start":{"line":367,"column":82},"end":{"line":367,"column":112}}],"line":367},"75":{"loc":{"start":{"line":367,"column":118},"end":{"line":367,"column":197}},"type":"binary-expr","locations":[{"start":{"line":367,"column":118},"end":{"line":367,"column":160}},{"start":{"line":367,"column":164},"end":{"line":367,"column":197}}],"line":367},"76":{"loc":{"start":{"line":367,"column":211},"end":{"line":367,"column":265}},"type":"binary-expr","locations":[{"start":{"line":367,"column":211},"end":{"line":367,"column":246}},{"start":{"line":367,"column":250},"end":{"line":367,"column":265}}],"line":367},"77":{"loc":{"start":{"line":378,"column":12},"end":{"line":378,"column":81}},"type":"cond-expr","locations":[{"start":{"line":378,"column":29},"end":{"line":378,"column":55}},{"start":{"line":378,"column":58},"end":{"line":378,"column":81}}],"line":378}},"s":{"0":1,"1":1,"2":4,"3":4,"4":4,"5":4,"6":45,"7":4,"8":4,"9":0,"10":4,"11":4,"12":0,"13":0,"14":4,"15":1,"16":1,"17":1,"18":1,"19":1,"20":1,"21":1,"22":0,"23":0,"24":0,"25":0,"26":3,"27":3,"28":3,"29":3,"30":3,"31":3,"32":3,"33":3,"34":0,"35":3,"36":3,"37":3,"38":3,"39":0,"40":0,"41":3,"42":3,"43":4,"44":4,"45":3,"46":0,"47":3,"48":3,"49":3,"50":4,"51":4,"52":4,"53":4,"54":1,"55":3,"56":3,"57":0,"58":3,"59":0,"60":0,"61":0,"62":0,"63":0,"64":0,"65":0,"66":0,"67":0,"68":0,"69":0,"70":0,"71":0,"72":0,"73":0,"74":0,"75":0,"76":0,"77":0,"78":0,"79":0,"80":0,"81":0,"82":0,"83":0,"84":0,"85":0,"86":0,"87":0,"88":0,"89":0,"90":4,"91":4,"92":4,"93":4,"94":4,"95":4,"96":4,"97":4,"98":7,"99":7,"100":7,"101":7,"102":7,"103":7,"104":7,"105":7,"106":7,"107":3,"108":3,"109":3,"110":3,"111":0,"112":0,"113":4,"114":4,"115":4,"116":4,"117":4,"118":4,"119":4,"120":4,"121":4,"122":0,"123":0,"124":0,"125":4,"126":4,"127":4,"128":4,"129":4,"130":4,"131":0,"132":0,"133":0,"134":0,"135":4,"136":7,"137":7,"138":7,"139":7,"140":7,"141":7,"142":7,"143":7,"144":7,"145":7,"146":7,"147":4,"148":4,"149":4,"150":4,"151":4,"152":1,"153":4,"154":0,"155":0,"156":0,"157":7,"158":7,"159":7,"160":7,"161":7,"162":7,"163":7,"164":7,"165":7,"166":7,"167":7,"168":0,"169":7,"170":7,"171":7,"172":0,"173":0,"174":0,"175":0,"176":0,"177":0,"178":0,"179":0,"180":0,"181":7,"182":7,"183":7,"184":7,"185":0,"186":0,"187":0,"188":0,"189":7,"190":0,"191":0,"192":0,"193":7,"194":7,"195":4,"196":4,"197":4,"198":1},"f":{"0":4,"1":45,"2":4,"3":3,"4":4,"5":4,"6":0,"7":4,"8":4,"9":4},"b":{"0":[0],"1":[0],"2":[45],"3":[0,4],"4":[1,3],"5":[1,0],"6":[1,1],"7":[0,0],"8":[0,0],"9":[3,0],"10":[3,0],"11":[3,3,3],"12":[0,3],"13":[3,0],"14":[3,3],"15":[0,3],"16":[3,3,3],"17":[3,1],"18":[4,4],"19":[4,4],"20":[0,3],"21":[3,0],"22":[1,3],"23":[3,0],"24":[3,0],"25":[0,0],"26":[0,0],"27":[0,0],"28":[0,0],"29":[0,0],"30":[0,0,0],"31":[0,0],"32":[0,0],"33":[0,0],"34":[0,0,0],"35":[0,0],"36":[0,0],"37":[0,0],"38":[0,0],"39":[0,0,0],"40":[0,0],"41":[0,0],"42":[3,4],"43":[3,0],"44":[0,0],"45":[0,4],"46":[4,0],"47":[0,4],"48":[4,0],"49":[4,3],"50":[7,7,7],"51":[1,3],"52":[7,0],"53":[7,0],"54":[7,0],"55":[7,0],"56":[7,0],"57":[7,0],"58":[7,0],"59":[7,0],"60":[7,0,0],"61":[0,7],"62":[7,4],"63":[3,4],"64":[0,0],"65":[0,0],"66":[0,0],"67":[0,0],"68":[0,0],"69":[0,0],"70":[0,0],"71":[0,7],"72":[0,7],"73":[0,0],"74":[0,0],"75":[0,0],"76":[0,0],"77":[4,0]},"_coverageSchema":"1a1c01bbd47fc00a2c39e90264f33305004495a9","hash":"0594555380e06fc093beb3920a3c42f401cf1377"}
,"/app/tools/ReadWebpageTool.js": {"path":"/app/tools/ReadWebpageTool.js","statementMap":{"0":{"start":{"line":2,"column":14},"end":{"line":2,"column":30}},"1":{"start":{"line":3,"column":16},"end":{"line":3,"column":34}},"2":{"start":{"line":11,"column":8},"end":{"line":13,"column":9}},"3":{"start":{"line":12,"column":12},"end":{"line":12,"column":107}},"4":{"start":{"line":15,"column":8},"end":{"line":74,"column":9}},"5":{"start":{"line":16,"column":29},"end":{"line":20,"column":14}},"6":{"start":{"line":21,"column":32},"end":{"line":21,"column":45}},"7":{"start":{"line":23,"column":12},"end":{"line":58,"column":13}},"8":{"start":{"line":24,"column":26},"end":{"line":24,"column":51}},"9":{"start":{"line":28,"column":16},"end":{"line":28,"column":42}},"10":{"start":{"line":32,"column":38},"end":{"line":32,"column":156}},"11":{"start":{"line":33,"column":16},"end":{"line":35,"column":19}},"12":{"start":{"line":34,"column":20},"end":{"line":34,"column":39}},"13":{"start":{"line":37,"column":34},"end":{"line":37,"column":50}},"14":{"start":{"line":43,"column":16},"end":{"line":43,"column":105}},"15":{"start":{"line":46,"column":16},"end":{"line":46,"column":60}},"16":{"start":{"line":48,"column":19},"end":{"line":58,"column":13}},"17":{"start":{"line":51,"column":35},"end":{"line":51,"column":62}},"18":{"start":{"line":52,"column":16},"end":{"line":52,"column":59}},"19":{"start":{"line":56,"column":16},"end":{"line":56,"column":123}},"20":{"start":{"line":57,"column":16},"end":{"line":57,"column":99}},"21":{"start":{"line":61,"column":12},"end":{"line":61,"column":72}},"22":{"start":{"line":62,"column":31},"end":{"line":62,"column":73}},"23":{"start":{"line":63,"column":12},"end":{"line":72,"column":13}},"24":{"start":{"line":65,"column":16},"end":{"line":65,"column":70}},"25":{"start":{"line":67,"column":16},"end":{"line":69,"column":17}},"26":{"start":{"line":68,"column":21},"end":{"line":68,"column":161}},"27":{"start":{"line":70,"column":19},"end":{"line":72,"column":13}},"28":{"start":{"line":71,"column":16},"end":{"line":71,"column":91}},"29":{"start":{"line":73,"column":12},"end":{"line":73,"column":57}},"30":{"start":{"line":78,"column":0},"end":{"line":78,"column":33}}},"fnMap":{"0":{"name":"(anonymous_0)","decl":{"start":{"line":6,"column":4},"end":{"line":6,"column":5}},"loc":{"start":{"line":6,"column":18},"end":{"line":8,"column":5}},"line":6},"1":{"name":"(anonymous_1)","decl":{"start":{"line":10,"column":4},"end":{"line":10,"column":5}},"loc":{"start":{"line":10,"column":25},"end":{"line":75,"column":5}},"line":10},"2":{"name":"(anonymous_2)","decl":{"start":{"line":33,"column":38},"end":{"line":33,"column":39}},"loc":{"start":{"line":33,"column":45},"end":{"line":35,"column":17}},"line":33}},"branchMap":{"0":{"loc":{"start":{"line":11,"column":8},"end":{"line":13,"column":9}},"type":"if","locations":[{"start":{"line":11,"column":8},"end":{"line":13,"column":9}},{"start":{},"end":{}}],"line":11},"1":{"loc":{"start":{"line":11,"column":12},"end":{"line":11,"column":78}},"type":"binary-expr","locations":[{"start":{"line":11,"column":12},"end":{"line":11,"column":18}},{"start":{"line":11,"column":22},"end":{"line":11,"column":51}},{"start":{"line":11,"column":55},"end":{"line":11,"column":78}}],"line":11},"2":{"loc":{"start":{"line":23,"column":12},"end":{"line":58,"column":13}},"type":"if","locations":[{"start":{"line":23,"column":12},"end":{"line":58,"column":13}},{"start":{"line":48,"column":19},"end":{"line":58,"column":13}}],"line":23},"3":{"loc":{"start":{"line":48,"column":19},"end":{"line":58,"column":13}},"type":"if","locations":[{"start":{"line":48,"column":19},"end":{"line":58,"column":13}},{"start":{"line":54,"column":19},"end":{"line":58,"column":13}}],"line":48},"4":{"loc":{"start":{"line":63,"column":12},"end":{"line":72,"column":13}},"type":"if","locations":[{"start":{"line":63,"column":12},"end":{"line":72,"column":13}},{"start":{"line":70,"column":19},"end":{"line":72,"column":13}}],"line":63},"5":{"loc":{"start":{"line":67,"column":16},"end":{"line":69,"column":17}},"type":"if","locations":[{"start":{"line":67,"column":16},"end":{"line":69,"column":17}},{"start":{},"end":{}}],"line":67},"6":{"loc":{"start":{"line":68,"column":59},"end":{"line":68,"column":159}},"type":"cond-expr","locations":[{"start":{"line":68,"column":101},"end":{"line":68,"column":137}},{"start":{"line":68,"column":140},"end":{"line":68,"column":159}}],"line":68},"7":{"loc":{"start":{"line":70,"column":19},"end":{"line":72,"column":13}},"type":"if","locations":[{"start":{"line":70,"column":19},"end":{"line":72,"column":13}},{"start":{},"end":{}}],"line":70}},"s":{"0":2,"1":2,"2":9,"3":2,"4":7,"5":7,"6":5,"7":5,"8":3,"9":3,"10":3,"11":3,"12":48,"13":3,"14":3,"15":3,"16":2,"17":1,"18":1,"19":1,"20":1,"21":2,"22":2,"23":2,"24":1,"25":1,"26":1,"27":1,"28":0,"29":2,"30":2},"f":{"0":8,"1":9,"2":48},"b":{"0":[2,7],"1":[9,9,8],"2":[3,2],"3":[1,1],"4":[1,1],"5":[1,0],"6":[1,0],"7":[0,1]},"_coverageSchema":"1a1c01bbd47fc00a2c39e90264f33305004495a9","hash":"9d96b2591e00f15661fba4d0fac3ced3d731294f"}
}
