TN:
SF:core/PlanExecutor.js
FN:6,(anonymous_0)
FN:14,(anonymous_1)
FN:24,(anonymous_2)
FN:66,(anonymous_3)
FN:97,(anonymous_4)
FN:98,(anonymous_5)
FN:132,(anonymous_6)
FN:182,(anonymous_7)
FN:235,(anonymous_8)
FN:236,(anonymous_9)
FNF:10
FNH:9
FNDA:4,(anonymous_0)
FNDA:45,(anonymous_1)
FNDA:4,(anonymous_2)
FNDA:3,(anonymous_3)
FNDA:4,(anonymous_4)
FNDA:4,(anonymous_5)
FNDA:0,(anonymous_6)
FNDA:4,(anonymous_7)
FNDA:4,(anonymous_8)
FNDA:4,(anonymous_9)
DA:2,1
DA:3,1
DA:7,4
DA:8,4
DA:9,4
DA:10,4
DA:15,45
DA:25,4
DA:28,4
DA:29,0
DA:31,4
DA:32,4
DA:34,0
DA:35,0
DA:39,4
DA:41,1
DA:42,1
DA:48,1
DA:49,1
DA:50,1
DA:51,1
DA:52,1
DA:54,0
DA:55,0
DA:58,0
DA:60,0
DA:63,3
DA:67,3
DA:68,3
DA:69,3
DA:70,3
DA:71,3
DA:72,3
DA:73,0
DA:74,3
DA:75,3
DA:77,3
DA:81,3
DA:82,0
DA:83,0
DA:95,3
DA:96,3
DA:97,4
DA:98,4
DA:100,3
DA:101,0
DA:104,3
DA:105,3
DA:107,3
DA:108,4
DA:109,4
DA:110,4
DA:111,4
DA:112,1
DA:113,3
DA:114,3
DA:117,0
DA:120,3
DA:133,0
DA:134,0
DA:135,0
DA:136,0
DA:138,0
DA:139,0
DA:140,0
DA:141,0
DA:142,0
DA:143,0
DA:144,0
DA:145,0
DA:146,0
DA:148,0
DA:151,0
DA:153,0
DA:154,0
DA:155,0
DA:156,0
DA:158,0
DA:161,0
DA:162,0
DA:163,0
DA:164,0
DA:166,0
DA:170,0
DA:171,0
DA:174,0
DA:175,0
DA:176,0
DA:178,0
DA:183,4
DA:184,4
DA:185,4
DA:186,4
DA:187,4
DA:189,4
DA:195,4
DA:196,7
DA:197,7
DA:198,7
DA:203,7
DA:205,7
DA:207,7
DA:208,7
DA:209,7
DA:211,7
DA:212,3
DA:213,3
DA:218,3
DA:219,3
DA:220,0
DA:221,0
DA:224,4
DA:225,4
DA:227,4
DA:232,4
DA:233,4
DA:235,4
DA:236,4
DA:237,4
DA:238,4
DA:239,0
DA:240,0
DA:241,0
DA:242,4
DA:243,4
DA:244,4
DA:245,4
DA:246,4
DA:247,4
DA:249,0
DA:250,0
DA:251,0
DA:252,0
DA:257,4
DA:261,7
DA:262,7
DA:263,7
DA:265,7
DA:266,7
DA:267,7
DA:269,7
DA:271,7
DA:272,7
DA:274,7
DA:276,4
DA:277,4
DA:278,4
DA:280,4
DA:281,4
DA:282,1
DA:284,4
DA:286,0
DA:287,0
DA:288,0
DA:292,7
DA:303,7
DA:305,7
DA:306,7
DA:308,7
DA:309,7
DA:312,7
DA:313,7
DA:314,7
DA:315,7
DA:316,7
DA:317,0
DA:318,7
DA:324,7
DA:331,7
DA:334,0
DA:335,0
DA:336,0
DA:337,0
DA:338,0
DA:341,0
DA:342,0
DA:349,0
DA:353,7
DA:355,7
DA:356,7
DA:357,7
DA:358,0
DA:359,0
DA:360,0
DA:361,0
DA:365,7
DA:366,0
DA:369,0
DA:370,0
DA:372,7
DA:374,7
DA:377,4
DA:382,4
DA:383,4
DA:395,1
LF:195
LH:124
BRDA:6,0,0,0
BRDA:14,1,0,0
BRDA:14,2,0,45
BRDA:28,3,0,0
BRDA:28,3,1,4
BRDA:39,4,0,1
BRDA:39,4,1,3
BRDA:50,5,0,1
BRDA:50,5,1,0
BRDA:50,6,0,1
BRDA:50,6,1,1
BRDA:55,7,0,0
BRDA:55,7,1,0
BRDA:60,8,0,0
BRDA:60,8,1,0
BRDA:70,9,0,3
BRDA:70,9,1,0
BRDA:71,10,0,3
BRDA:71,10,1,0
BRDA:71,11,0,3
BRDA:71,11,1,3
BRDA:71,11,2,3
BRDA:72,12,0,0
BRDA:72,12,1,3
BRDA:74,13,0,3
BRDA:74,13,1,0
BRDA:74,14,0,3
BRDA:74,14,1,3
BRDA:81,15,0,0
BRDA:81,15,1,3
BRDA:81,16,0,3
BRDA:81,16,1,3
BRDA:81,16,2,3
BRDA:95,17,0,3
BRDA:95,17,1,1
BRDA:97,18,0,4
BRDA:97,18,1,4
BRDA:98,19,0,4
BRDA:98,19,1,4
BRDA:100,20,0,0
BRDA:100,20,1,3
BRDA:105,21,0,3
BRDA:105,21,1,0
BRDA:111,22,0,1
BRDA:111,22,1,3
BRDA:113,23,0,3
BRDA:113,23,1,0
BRDA:127,24,0,3
BRDA:127,24,1,0
BRDA:134,25,0,0
BRDA:134,25,1,0
BRDA:136,26,0,0
BRDA:136,26,1,0
BRDA:138,27,0,0
BRDA:138,27,1,0
BRDA:143,28,0,0
BRDA:143,28,1,0
BRDA:144,29,0,0
BRDA:144,29,1,0
BRDA:145,30,0,0
BRDA:145,30,1,0
BRDA:145,30,2,0
BRDA:146,31,0,0
BRDA:146,31,1,0
BRDA:153,32,0,0
BRDA:153,32,1,0
BRDA:154,33,0,0
BRDA:154,33,1,0
BRDA:155,34,0,0
BRDA:155,34,1,0
BRDA:155,34,2,0
BRDA:156,35,0,0
BRDA:156,35,1,0
BRDA:161,36,0,0
BRDA:161,36,1,0
BRDA:161,37,0,0
BRDA:161,37,1,0
BRDA:162,38,0,0
BRDA:162,38,1,0
BRDA:163,39,0,0
BRDA:163,39,1,0
BRDA:163,39,2,0
BRDA:164,40,0,0
BRDA:164,40,1,0
BRDA:170,41,0,0
BRDA:170,41,1,0
BRDA:211,42,0,3
BRDA:211,42,1,4
BRDA:218,43,0,3
BRDA:218,43,1,0
BRDA:220,44,0,0
BRDA:220,44,1,0
BRDA:238,45,0,0
BRDA:238,45,1,4
BRDA:242,46,0,4
BRDA:242,46,1,0
BRDA:243,47,0,0
BRDA:243,47,1,4
BRDA:245,48,0,4
BRDA:245,48,1,0
BRDA:274,49,0,4
BRDA:274,49,1,3
BRDA:274,50,0,7
BRDA:274,50,1,7
BRDA:274,50,2,7
BRDA:281,51,0,1
BRDA:281,51,1,3
BRDA:293,52,0,7
BRDA:293,52,1,0
BRDA:294,53,0,7
BRDA:294,53,1,0
BRDA:295,54,0,7
BRDA:295,54,1,0
BRDA:296,55,0,7
BRDA:296,55,1,0
BRDA:306,56,0,7
BRDA:306,56,1,0
BRDA:308,57,0,7
BRDA:308,57,1,0
BRDA:312,58,0,7
BRDA:312,58,1,0
BRDA:313,59,0,7
BRDA:313,59,1,0
BRDA:313,60,0,7
BRDA:313,60,1,0
BRDA:313,60,2,0
BRDA:316,61,0,0
BRDA:316,61,1,7
BRDA:316,62,0,7
BRDA:316,62,1,4
BRDA:318,63,0,3
BRDA:318,63,1,4
BRDA:334,64,0,0
BRDA:334,64,1,0
BRDA:336,65,0,0
BRDA:336,65,1,0
BRDA:337,66,0,0
BRDA:337,66,1,0
BRDA:338,67,0,0
BRDA:338,67,1,0
BRDA:338,68,0,0
BRDA:338,68,1,0
BRDA:341,69,0,0
BRDA:341,69,1,0
BRDA:346,70,0,0
BRDA:346,70,1,0
BRDA:357,71,0,0
BRDA:357,71,1,7
BRDA:365,72,0,0
BRDA:365,72,1,7
BRDA:366,73,0,0
BRDA:366,73,1,0
BRDA:367,74,0,0
BRDA:367,74,1,0
BRDA:367,75,0,0
BRDA:367,75,1,0
BRDA:367,76,0,0
BRDA:367,76,1,0
BRDA:378,77,0,4
BRDA:378,77,1,0
BRF:160
BRH:63
end_of_record
TN:
SF:tools/ReadWebpageTool.js
FN:6,(anonymous_0)
FN:10,(anonymous_1)
FN:33,(anonymous_2)
FNF:3
FNH:3
FNDA:8,(anonymous_0)
FNDA:9,(anonymous_1)
FNDA:48,(anonymous_2)
DA:2,2
DA:3,2
DA:11,9
DA:12,2
DA:15,7
DA:16,7
DA:21,5
DA:23,5
DA:24,3
DA:28,3
DA:32,3
DA:33,3
DA:34,48
DA:37,3
DA:43,3
DA:46,3
DA:48,2
DA:51,1
DA:52,1
DA:56,1
DA:57,1
DA:61,2
DA:62,2
DA:63,2
DA:65,1
DA:67,1
DA:68,1
DA:70,1
DA:71,0
DA:73,2
DA:78,2
LF:31
LH:30
BRDA:11,0,0,2
BRDA:11,0,1,7
BRDA:11,1,0,9
BRDA:11,1,1,9
BRDA:11,1,2,8
BRDA:23,2,0,3
BRDA:23,2,1,2
BRDA:48,3,0,1
BRDA:48,3,1,1
BRDA:63,4,0,1
BRDA:63,4,1,1
BRDA:67,5,0,1
BRDA:67,5,1,0
BRDA:68,6,0,1
BRDA:68,6,1,0
BRDA:70,7,0,0
BRDA:70,7,1,1
BRF:17
BRH:14
end_of_record
